TN:
SF:test-exclude/index.js
FN:12,TestExclude
FN:50,(anonymous_1)
FN:52,(anonymous_2)
FN:61,(anonymous_3)
FN:71,(anonymous_4)
FN:84,prepGlobPatterns
FN:85,(anonymous_6)
FN:100,(anonymous_7)
FNF:8
FNH:8
FNDA:21,TestExclude
FNDA:21,(anonymous_1)
FNDA:95,(anonymous_2)
FNDA:56,(anonymous_3)
FNDA:7,(anonymous_4)
FNDA:26,prepGlobPatterns
FNDA:105,(anonymous_6)
FNDA:21,(anonymous_7)
DA:1,1
DA:2,1
DA:3,1
DA:4,1
DA:5,1
DA:13,21
DA:21,21
DA:22,21
DA:24,21
DA:25,7
DA:28,21
DA:29,15
DA:32,21
DA:33,5
DA:35,16
DA:38,21
DA:39,5
DA:42,21
DA:50,1
DA:51,21
DA:52,21
DA:53,95
DA:55,95
DA:56,95
DA:58,21
DA:61,1
DA:62,56
DA:65,56
DA:67,55
DA:68,55
DA:71,1
DA:72,7
DA:76,7
DA:77,6
DA:78,6
DA:80,1
DA:85,26
DA:87,105
DA:88,39
DA:92,105
DA:93,50
DA:96,105
DA:100,1
DA:101,21
DA:104,1
DA:113,1
LF:46
LH:46
BRDA:21,0,0,1
BRDA:21,0,1,20
BRDA:21,1,0,1
BRDA:21,1,1,0
BRDA:22,2,0,1
BRDA:22,2,1,20
BRDA:24,3,0,7
BRDA:24,3,1,14
BRDA:24,4,0,21
BRDA:24,4,1,18
BRDA:24,4,2,15
BRDA:28,5,0,15
BRDA:28,5,1,6
BRDA:28,6,0,21
BRDA:28,6,1,8
BRDA:29,7,0,15
BRDA:29,7,1,0
BRDA:32,8,0,5
BRDA:32,8,1,16
BRDA:32,9,0,21
BRDA:32,9,1,5
BRDA:38,10,0,5
BRDA:38,10,1,16
BRDA:38,11,0,21
BRDA:38,11,1,20
BRDA:55,12,0,1
BRDA:55,12,1,94
BRDA:62,13,0,56
BRDA:62,13,1,56
BRDA:65,14,0,1
BRDA:65,14,1,55
BRDA:68,15,0,55
BRDA:68,15,1,15
BRDA:68,15,2,50
BRDA:76,16,0,6
BRDA:76,16,1,1
BRDA:76,17,0,7
BRDA:76,17,1,7
BRDA:76,17,2,6
BRDA:87,18,0,39
BRDA:87,18,1,66
BRDA:92,19,0,50
BRDA:92,19,1,55
BRF:43
BRH:41
end_of_record
